481
349
827
618
522
268
927
497
426
12
233
555
492
334
610
286
36
535
476
485
192
153
375
623
243
130
93
249
655
878
147
930
612
945
108
748
381
595
912
481
264
76
474
586
758
305
307
422
54
650
56
609
664
394
272
17
872
373
195
755
703
467
812
349
580
647
47
886
881
335
28
888
684
792
394
954
508
689
83
824
677
421
962
72
886
714
585
800
142
826
102
485
261
109
68
408
588
44
788
17
515
243
383
641
85
662
220
536
824
629
793
950
130
428
183
61
469
328
814
156
972
969
342
131
671
772
72
30
908
446
874
190
623
778
283
674
383
892
71
527
827
390
380
177
685
349
287
398
335
107
934
452
853
574
461
643
689
450
750
715
838
962
307
566
390
452
504
835
9
560
716
319
446
293
594
599
342
798
576
732
111
134
863
4
515
458
796
505
859
27
680
976
162
328
526
315
621
837
731
250
32
85
279
964
888
905
692
442
704
530
591
203
418
830
419
231
626
840
682
213
247
124
739
658
756
118
577
484
497
785
436
278
375
513
147
901
219
834
805
682
528
280
524
936
336
525
647
771
597
648
752
781
968
732
928
468
850
277
743
541
723
843
410
90
378
311
897
338
480
715
175
734
757
983
459
243
938
87
532
706
815
792
774
250
551
74
631
158
333
106
107
708
364
487
150
586
547
750
75
74
868
762
444
818
255
415
832
352
760
878
661
817
814
761
728
16
830
659
608
433
800
11
224
564
773
234
928
59
68
430
335
900
484
122
277
471
719
363
790
710
134
658
332
380
308
964
561
76
817
731
529
898
475
281
969
230
779
323
817
568
507
9
7
341
958
531
868
942
154
624
991
439
857
692
276
269
719
858
787
354
637
116
204
478
843
309
839
481
65
694
950
937
67
24
847
476
334
497
448
427
905
733
669
737
389
109
561
120
2
938
556
165
706
666
735
245
990
275
645
506
121
495
703
388
777
702
689
950
51
824
569
293
440
32
762
749
269
743
225
55
473
388
908
859
633
207
793
714
455
402
659
248
801
941
599
975
948
376
163
248
26
892
794
741
521
33
939
660
478
50
580
945
809
391
354
418
840
628
304
245
247
92
271
138
904
961
564
438
466
281
682
275
702
623
940
552
40
812
414
333
936
919
653
781
828
643
826
516
535
441
987
492
973
220
806
315
115
988
822
318
699
95
139
210
220
358
914
712
312
515
222
737
821
668
638
113
787
571
161
515
925
569
242
38
937
142
595
25
818
761
694
158
529
941
813
848
159
465
814
89
720
268
7
25
843
924
530
354
938
531
998
938
11
466
950
705
25
48
431
31
250
891
162
433
298
634
686
250
470
813
444
457
700
917
817
101
250
772
710
251
626
569
135
745
265
923
146
279
284
23
337
416
718
482
646
903
697
598
914
504
834
457
627
384
707
188
207
707
560
401
565
292
399
533
52
752
317
766
129
910
650
581
239
723
574
73
142
374
327
454
84
777
503
961
157
939
797
317
881
714
406
434
326
1000
176
298
547
161
908
487
346
303
91
468
401
124
722
602
752
648
353
846
227
530
411
741
677
453
631
577
315
469
861
854
919
302
829
560
536
219
765
318
718
543
817
803
606
89
299
819
234
928
199
663
666
765
310
686
143
802
6
453
18
18
690
683
529
156
328
415
805
487
946
79
384
426
266
696
974
425
818
768
325
152
251
690
17
823
394
526
727
507
892
543
235
273
721
786
967
498
322
40
307
884
618
881
617
721
202
150
288
725
950
29
45
358
70
81
972
669
903
925
952
350
88
90
935
670
946
916
961
713
482
218
488
617
211
682
370
374
599
803
916
80
895
597
347
171
315
472
230
574
509
406
463
898
684
255
551
271
592
200
963
106
704
813
192
35
909
121
548
681
755
102
392
601
839
80
662
349
144
160
489
458
269
542
9
199
122
639
34
295
152
2
904
981
527
361
548
389
624
558
469
754
65
614
174
630
852
359
975
623
147
631
192
578
541
247
400
735
741
887
838
480
465
234
703
87
562
789
843
40
469
807
403
225
856
380
778
978
184
976
865
634
246
193
628
751
112
732
564
934
265
880
805
642
68
418
682
594
92
713
257
186
27
724
467
111
89
114
827
252
403
416
44
934
917
20
247
317
223
798
204
893
694
177
844
583
840
205
694
296
694
447
122
679
410
266
174
641
781
691
451
857
669
116
251
880
802
744
330
41
376
114
218
116
327
889
771
245
767
276
191
831
551
60
837
858
291
873
693
451
828
325
752
940
257
976
416
143
111
830
734
397
167
68
262
220
382
564
719
870
186
341
206
199
531
224
951
467
992
466
877
847
743
302
540
107
555
881
225
231
575
259
988
124
307
79
9
449
325
86
616
462
175
127
358
109
122
524
205
318
306
21
485
757
217
270
84
761
183
311
876
591
557
944
673
233
39
220
723
150
736
503
692
136
597
906
42
461
798
223
921
357
717
835
63
78
950
268
910
87
6
199
592
644
638
520
200
657
799
620
344
845
706
321
622
410
80
699
996
744
131
583
26
377
755
872
392
468
226
268
843
486
921
192
923
903
713
797
902
805
57
757
120
545
916
536
553
967
732
399
762
211
712
417
364
857
338
231
940
627
214
168
234
909
891
213
670
340
680
48
107
182
543
386
94
951
429
788
982
554
530
252
999
35
162
654
544
538
588
385
17
209
146
965
112
116
450
898
220
797
72
559
598
433
890
539
890
193
28
204
462
776
156
182
396
673
830
120
723
35
966
6
798
931
453
224
177
524
137
240
232
649
464
598
266
303
734
331
683
235
884
803
959
112
832
418
632
927
729
475
351
32
891
241
398
432
968
889
587
516
589
799
891
718
72
808
103
21
964
272
578
949
234
999
60
584
767
376
499
569
153
530
311
610
796
124
329
57
565
839
967
735
36
209
749
426
899
811
202
997
993
591
911
984
880
657
855
352
804
372
78
372
310
412
449
896
181
434
22
502
166
781
541
617
943
493
24
612
793
729
566
746
229
267
844
877
374
642
464
77
668
393
482
943
36
70
879
936
278
846
8
411
901
689
540
451
943
838
109
563
843
580
520
182
50
882
751
998
112
514
285
275
950
906
469
424
403
461
197
49
746
408
349
72
157
963
860
469
384
194
333
15
538
305
932
407
964
363
575
327
393
4
807
988
53
48
841
555
356
241
104
164
953
92
789
371
572
636
86
965
412
693
408
82
729
514
823
329
962
796
51
570
301
460
262
617
737
679
880
887
480
447
895
751
934
116
88
256
747
248
532
50
252
517
387
721
320
866
921
497
894
676
911
557
477
100
229
499
758
603
827
949
399
388
65
140
402
758
665
831
605
527
277
397
823
160
883
383
612
683
209
416
224
299
491
769
440
707
709
796
544
597
271
662
170
766
550
778
984
755
479
856
737
643
775
395
579
1
989
986
991
770
853
888
281
757
312
89
29
758
274
65
436
122
266
634
526
229
585
777
12
54
43
833
364
347
722
202
85
825
194
159
767
132
593
240
371
124
482
476
757
428
675
296
92
958
158
75
751
322
632
143
854
560
420
681
992
753
805
164
693
306
11
263
212
23
628
695
952
986
875
326
57
259
563
483
998
118
829
686
44
841
434
797
471
286
335
119
251
569
172
903
180
86
351
824
912
75
890
118
929
980
505
646
867
145
312
688
113
885
274
254
830
952
745
166
671
296
806
302
170
211
911
195
188
943
612
373
962
195
801
255
443
458
173
880
529
848
428
993
993
126
994
956
198
912
791
336
947
192
10
56
797
180
656
911
501
875
223
627
516
101
912
918
362
791
449
243
286
288
397
312
727
458
316
787
667
281
298
317
952
457
111
43
207
951
969
960
57
458
247
688
547
437
606
934
226
277
359
325
613
599
294
771
531
992
89
259
115
877
605
977
163
527
813
424
211
350
852
57
262
6
733
345
504
418
454
731
325
283
745
270
721
573
129
198
228
47
14
106
768
53
218
815
32
764
585
854
45
426
71
52
506
837
285
858
266
76
206
343
474
945
457
214
483
88
647
913
510
893
816
659
533
675
682
194
594
332
193
855
15
769
129
12
280
972
711
765
427
545
113
595
985
332
655
734
335
989
301
183
678
648
947
83
850
651
259
769
70
628
412
873
553
865
957
711
168
496
609
291
195
493
704
890
761
855
475
565
634
161
415
829
691
608
731
985
522
257
148
266
306
590
498
600
980
257
510
888
847
500
823
54
314
147
97
65
564
60
332
86
512
77
391
698
311
891
91
993
471
545
729
698
614
689
164
818
925
980
276
375
43
912
544
738
335
778
61
617
373
152
786
641
261
599
352
802
146
312
578
495
390
775
576
875
191
225
219
348
578
63
905
580
648
80
408
664
53
916
814
479
309
6
448
493
249
10
582
110
693
132
815
438
854
203
217
997
788
849
48
272
203
460
656
895
477
984
902
419
766
453
116
509
748
35
342
222
848
386
416
254
390
168
781
327
705
482
608
413
887
517
233
485
878
207
73
563
636
66
294
650
963
9
732
47
585
778
232
708
801
794
542
986
833
123
702
280
242
840
174
792
394
217
522
959
495
80
561
843
181
331
351
354
599
377
792
616
832
262
374
143
937
405
735
993
215
996
281
934
512
449
2
928
210
389
69
701
850
195
798
668
434
446
851
579
378
437
664
902
146
81
873
381
484
725
660
472
513
742
264
788
494
631
13
862
366
718
278
19
509
413
681
804
149
804
352
1000
958
165
136
30
695
839
415
721
24
416
675
985
941
44
23
304
14
339
525
904
488
781
321
12
571
376
918
762
319
673
900
896
742
997
366
582
174
408
87
852
671
911
229
862
732
992
62
926
602
441
479
159
101
873
95
337
544
548
478
767
795
797
29
124
467
403
205
414
317
235
447
88
28
776
280
740
154
855
414
889
114
829
700
977
551
397
833
914
170
963
18
915
816
97
138
6
123
874
838
523
273
862
645
932
107
289
648
38
818
779
248
935
75
263
725
902
406
606
74
764
566
34
288
785
98
341
376
552
768
716
262
610
338
20
6
348
838
642
534
932
826
144
435
178
183
759
859
519
946
645
960
448
572
17
77
549
180
645
430
43
246
389
399
738
227
209
473
558
181
250
815
147
691
62
13
239
894
848
755
447
36
326
153
19
586
421
353
631
994
316
540
647
955
185
771
854
797
202
759
955
591
444
862
917
625
983
239
383
775
173
394
923
102
231
455
445
606
747
925
726
103
332
612
913
228
959
477
333
897
760
78
780
446
106
435
518
745
218
176
582
720
367
688
54
760
860
131
163
712
303
799
66
737
344
493
683
773
174
954
531
146
112
326
735
46
190
76
251
39
651
74
371
734
598
21
37
675
370
810
538
837
765
526
236
393
701
203
621
302
278
427
955
928
318
863
128
10
626
953
122
646
628
108
289
757
146
10
1
58
116
327
902
552
890
303
453
850
372
911
796
128
70
870
736
634
850
856
559
517
875
114
733
373
363
121
640
229
570
605
312
304
676
269
778
816
769
394
899
746
636
31
464
554
313
104
518
592
967
259
176
201
194
966
802
233
245
765
208
820
144
921
63
6
293
229
460
719
49
784
234
11
733
393
73
356
429
664
768
62
405
480
238
793
549
475
707
103
82
355
580
319
462
4
981
941
162
917
696
696
480
568
472
148
866
210
209
366
557
126
420
299
601
137
22
95
93
487
641
777
446
569
503
98
37
430
860
365
681
801
42
991
895
600
768
135
789
570
989
901
557
669
800
999
564
271
658
584
133
727
566
166
348
515
910
537
472
200
871
581
703
871
297
5
265
947
382
105
678
734
523
570
568
169
788
298
782
722
638
227
534
863
53
650
516
130
576
874
33
705
341
83
323
150
786
89
747
985
50
945
182
865
284
85
460
564
190
64
898
398
213
575
420
980
952
916
466
971
672
515
936
699
11
143
581
846
454
968
608
948
110
252
652
239
640
532
983
607
896
118
877
423
202
547
918
149
68
795
129
155
584
326
45
704
520
872
882
928
780
171
675
76
828
218
863
942
44
737
84
45
897
119
503
934
307
260
259
836
775
143
256
427
101
4
425
211
461
456
62
431
3
775
959
570
425
94
344
31
917
987
387
706
210
359
185
289
535
898
834
557
243
214
378
123
977
378
471
778
672
523
297
733
907
691
168
292
989
713
887
280
209
423
603
899
632
361
502
423
944
23
702
485
324
293
592
73
462
772
602
825
196
425
706
662
310
996
788
760
319
454
766
526
468
918
791
286
350
431
18
221
485
60
196
79
275
490
586
601
698
790
866
155
416
340
351
930
672
408
717
211
484
462
824
124
709
32
318
103
802
19
886
569
859
316
209
410
736
996
437
976
617
233
922
228
718
627
432
167
142
542
630
457
61
557
201
949
62
483
169
346
212
659
433
758
983
552
265
139
807
318
617
579
316
144
549
430
658
833
759
150
923
371
710
322
215
823
411
96
479
15
920
913
210
814
711
919
707
545
772
847
754
950
220
950
956
153
605
912
251
138
792
717
825
52
626
950
155
119
98
23
812
295
198
941
689
923
35
865
329
372
46
158
210
494
842
953
432
695
152
475
323
842
668
27
764
811
362
940
776
902
353
88
179
777
455
709
108
72
820
196
717
984
556
416
628
641
363
819
500
381
530
990
733
638
626
27
54
550
172
464
466
496
935
519
25
432
184
738
814
2
99
99
889
238
866
461
594
361
869
148
670
182
769
604
997
646
731
367
781
753
129
24
178
199
488
299
179
970
209
602
600
138
525
558
79
827
846
311
899
277
358
108
435
710
854
256
464
163
404
266
131
669
900
565
577
513
453
449
466
240
239
71
679
448
994
434
886
180
990
242
618
21
28
423
780
58
639
39
550
541
832
550
646
730
940
517
755
863
473
38
171
927
913
281
299
232
737
997
387
199
533
962
430
829
425
145
370
938
861
354
763
710
744
86
551
100
250
390
208
144
874
623
539
518
642
479
777
93
873
645
649
658
869
267
46
889
261
363
679
168
786
594
644
141
704
286
103
855
632
511
189
842
33
960
316
126
984
488
926
380
694
799
496
92
940
226
764
503
613
105
395
669
665
42
941
619
711
156
224
700
182
219
155
640
243
56
835
970
190
522
693
709
623
145
71
583
349
134
703
345
305
516
958
253
346
405
482
262
241
432
57
812
487
281
701
439
145
746
608
1000
748
651
519
433
785
435
856
342
259
198
676
282
179
384
477
237
416
944
979
698
156
64
282
52
917
870
830
393
200
219
683
100
47
986
323
874
133
663
117
407
407
465
97
587
284
32
380
182
726
70
69
567
495
401
180
209
253
852
750
285
933
838
906
865
435
985
925
262
106
258
845
717
896
976
704
841
455
188
237
112
206
864
503
537
748
27
549
424
802
18
827
711
271
700
581
106
940
762
578
776
492
583
719
528
24
977
334
202
250
57
218
75
957
663
484
230
688
897
890
711
849
495
80
55
420
371
934
921
859
864
33
454
689
247
18
386
479
871
486
883
829
382
475
288
363
62
691
412
558
238
174
604
460
802
765
105
706
296
999
867
389
535
770
190
935
25
174
668
655
730
130
819
648
210
727
549
891
599
661
94
380
100
429
520
967
104
172
614
149
324
644
213
348
508
494
5
604
695
641
973
926
290
643
167
368
921
216
316
638
385
872
374
991
165
290
885
971
391
324
832
993
776
669
350
151
127
539
186
650
7
546
696
670
832
939
837
893
223
15
534
996
734
34
406
628
773
178
363
35
348
726
664
11
829
477
851
226
464
717
688
455
132
824
365
917
700
722
136
171
649
446
75
246
305
913
331
535
123
936
400
63
716
92
817
946
923
995
101
264
296
34
778
514
622
408
633
454
266
859
63
265
825
862
231
270
1
159
187
632
78
293
278
74
575
778
394
271
546
68
801
631
424
947
60
989
274
340
640
913
450
187
187
461
678
291
118
957
642
646
503
387
906
756
537
192
136
308
802
314
809
653
715
600
19
164
298
154
14
641
398
141
816
368
674
208
115
79
181
751
469
623
671
388
765
611
375
95
308
892
851
513
325
828
818
63
331
39
103
62
46
9
459
991
323
166
595
573
690
579
315
671
559
369
431
528
707
130
932
578
66
861
254
998
296
261
849
338
519
921
388
177
825
783
92
208
506
783
888
111
282
834
402
957
109
301
737
848
489
275
467
18
230
933
869
841
892
223
877
931
119
116
168
413
643
837
869
420
70
719
304
407
860
842
504
932
927
958
839
65
504
85
69
369
940
542
386
123
400
611
275
942
147
681
749
922
234
281
172
533
595
665
829
310
647
456
551
623
267
663
850
820
867
138
755
291
411
708
542
828
529
148
718
677
383
942
3
673
136
625
789
10
8
665
447
373
465
404
77
833
43
642
701
702
949
635
49
898
422
206
842
199
952
706
60
96
990
795
901
508
336
719
474
287
704
56
12
473
38
780
653
324
724
385
748
450
495
644
814
756
712
18
399
55
582
201
55
521
251
409
327
792
563
605
216
784
149
188
772
699
738
385
721
746
437
37
401
270
625
839
126
9
756
491
199
592
102
304
278
542
375
720
433
283
446
228
893
189
388
86
688
159
184
690
192
150
712
912
548
489
690
715
823
896
213
590
236
955
1000
965
43
355
505
748
177
277
499
277
500
856
307
687
801
573
238
778
337
587
143
432
781
47
161
585
867
409
198
305
481
491
986
211
144
336
703
493
568
620
934
859
36
174
215
260
825
912
167
670
412
73
508
844
678
500
16
747
732
642
780
298
68
85
535
134
642
840
350
318
529
397
244
186
441
302
823
447
637
456
304
287
674
997
685
611
46
854
170
126
37
284
713
861
704
934
184
531
396
138
604
464
23
924
364
327
562
610
285
224
788
395
643
795
336
702
175
345
731
977
864
214
197
823
246
262
579
477
456
745
328
930
162
590
546
377
456
72
440
711
60
25
435
145
784
655
716
276
421
684
431
578
185
842
853
744
925
416
280
639
561
785
758
20
445
57
395
362
702
375
413
22
176
8
284
89
79
632
460
312
820
414
141
854
859
443
155
848
279
172
639
290
508
114
763
646
903
154
998
851
876
46
689
171
211
237
91
149
479
204
58
279
23
429
768
172
429
101
655
773
387
53
498
239
305
382
316
556
336
89
490
285
93
137
45
618
591
113
503
366
405
837
201
313
88
811
560
90
146
520
758
877
361
148
925
831
449
766
292
315
913
468
351
649
133
983
171
200
747
388
6
266
995
409
17
806
87
371
376
27
381
837
457
930
706
645
253
473
265
522
216
489
417
626
798
226
695
871
518
527
557
448
24
889
619
614
100
824
632
308
151
738
687
239
579
674
390
307
697
869
149
489
515
729
160
891
368
389
744
380
616
499
215
184
151
366
998
540
758
781
30
930
132
193
559
974
747
136
237
702
486
214
500
24
37
410
285
900
763
895
560
809
395
497
423
214
536
501
121
599
353
745
254
223
128
342
145
647
677
373
180
400
140
764
240
724
765
929
133
654
284
258
759
536
380
502
803
881
223
889
854
409
565
114
309
515
798
291
181
64
65
600
799
452
510
927
641
696
766
803
653
273
378
817
524
191
201
754
547
388
411
684
345
882
630
357
975
544
592
824
698
164
642
314
83
601
512
780
621
20
14
351
751
233
445
288
406
834
534
929
463
931
196
677
591
300
402
925
799
76
428
425
339
524
699
64
722
792
16
513
858
439
460
668
169
571
978
300
252
184
773
772
652
48
922
959
377
708
610
4
325
164
676
790
158
667
844
930
763
177
991
9
843
954
201
765
532
887
234
212
556
306
935
29
371
348
119
82
81
833
845
959
479
255
521
948
234
811
248
550
641
673
46
558
19
270
720
89
406
718
685
677
837
663
912
33
733
716
254
245
521
774
111
534
592
271
75
492
780
386
238
663
289
944
221
385
365
245
962
460
171
654
531
483
129
212
169
98
530
277
73
80
957
686
981
815
640
113
906
95
415
783
304
372
721
640
74
844
447
268
56
46
405
323
266
5
830
924
382
131
705
113
788
458
390
348
649
137
780
398
113
34
361
217
188
66
106
583
870
831
810
463
712
619
871
606
864
541
595
900
391
624
83
227
542
487
183
794
79
476
39
289
424
3
729
99
42
679
60
530
148
154
344
495
360
367
481
417
387
116
585
451
537
361
622
934
911
703
590
43
374
490
869
422
294
709
253
290
666
96
52
249
614
957
653
626
511
300
827
654
450
479
675
88
822
178
381
257
611
345
119
187
143
16
366
169
743
633
994
570
657
218
771
975
821
240
787
677
838
691
702
643
41
632
206
35
185
596
444
947
652
71
501
261
991
992
640
46
907
556
40
602
412
819
135
663
430
351
55
522
638
297
484
78
537
757
699
869
246
746
25
437
985
580
198
753
445
571
184
585
740
494
559
751
849
209
481
30
173
4
686
682
445
236
860
361
828
74
877
264
773
145
761
367
597
283
700
914
614
994
854
567
773
592
220
63
916
683
669
67
143
748
899
700
70
187
439
857
577
357
588
554
321
159
487
450
343
286
511
358
545
273
832
35
391
530
124
332
489
941
609
751
660
866
888
618
334
320
351
763
701
98
132
199
247
589
903
163
537
477
386
103
645
913
941
583
459
989
741
538
609
327
816
505
781
494
141
704
738
436
457
944
402
548
84
433
896
272
281
920
41
108
683
253
3
297
801
208
999
975
375
29
965
267
532
763
965
418
407
790
665
221
968
328
472
619
596
774
537
557
939
207
711
162
129
676
456
545
311
607
655
173
84
997
588
821
990
842
978
361
125
434
609
170
910
553
846
496
122
664
658
847
596
718
798
135
734
530
353
173
646
552
60
582
117
386
6
938
440
81
620
280
445
66
796
622
684
260
49
775
971
703
854
14
485
101
72
33
51
589
188
748
422
921
410
590
454
706
292
563
40
651
426
83
47
216
185
148
820
236
431
513
803
880
619
835
287
861
126
976
937
538
228
75
845
727
747
14
688
165
41
961
491
712
296
665
523
474
570
359
2
794
779
299
261
94
267
944
313
922
456
363
601
287
152
411
425
476
461
500
834
769
805
593
685
565
151
25
88
491
345
695
436
689
115
134
319
13
374
34
151
322
185
569
646
159
260
647
703
583
287
825
383
123
890
365
755
660
872
786
77
978
597
975
316
606
779
319
971
860
274
958
553
333
563
31
915
417
151
420
696
299
813
232
964
344
523
216
289
662
313
697
532
191
610
124
601
806
956
592
748
127
957
450
322
888
717
770
795
805
71
42
747
360
572
745
537
313
789
674
816
494
506
645
548
212
662
496
213
545
505
539
838
548
721
272
920
737
696
403
356
759
519
847
844
422
439
582
153
926
692
443
402
505
97
815
783
987
241
511
419
478
104
586
685
907
342
744
22
618
624
416
898
536
563
571
671
534
71
1000
117
39
716
381
639
771
127
177
443
617
993
53
58
555
916
612
216
897
333
173
892
295
931
333
630
509
165
359
847
723
918
262
340
397
698
711
243
516
376
429
110
558
780
31
294
227
855
667
858
41
720
269
240
753
930
573
921
625
238
887
392
19
22
637
317
831
259
572
955
274
989
533
979
251
24
188
558
777
524
539
134
135
360
726
620
284
909
227
63
939
855
810
646
548
238
562
521
392
294
652
565
810
154
825
211
490
425
254
978
795
233
26
330
247
739
754
721
1
232
954
751
486
684
441
545
412
856
42
739
960
66
900
644
683
871
256
691
987
714
240
892
891
796
882
211
24
692
654
305
554
524
338
697
334
55
90
908
686
170
797
348
562
848
915
839
958
593
90
392
953
783
987
421
626
996
145
550
672
488
522
572
454
277
54
331
465
132
303
424
681
766
408
939
527
590
22
19
663
813
100
166
895
718
420
951
546
279
403
339
236
611
182
106
154
849
469
937
303
692
913
559
147
583
565
1
82
231
25
283
57
894
212
765
739
585
767
849
504
995
599
108
422
947
324
62
602
931
938
518
30
714
985
866
271
427
226
16
392
93
623
953
686
213
485
942
870
908
65
834
439
11
896
907
962
384
241
973
491
466
262
797
958
869
139
190
979
210
638
577
207
147
355
888
774
758
143
794
752
366
473
528
587
12
432
323
450
867
526
849
203
605
46
250
232
483
682
662
830
551
979
681
288
342
565
902
916
694
58
262
874
736
819
298
925
319
635
546
725
320
948
834
809
465
534
101
639
482
999
685
175
889
40
20
54
400
928
390
149
700
570
954
69
262
851
333
251
735
904
354
114
747
93
457
77
212
551
342
388
567
782
573
942
405
419
285
542
920
477
920
414
637
506
575
475
12
320
536
875
348
903
201
942
511
349
302
28
132
244
115
245
158
631
731
415
612
348
334
97
828
304
757
861
135
310
335
740
447
719
504
4
946
998
838
299
333
810
586
504
754
84
879
178
189
40
32
315
401
520
802
225
47
40
759
568
566
816
525
264
679
773
782
633
284
948
40
163
811
699
103
933
523
565
41
459
190
893
196
70
329
520
216
25
197
716
523
605
961
418
393
503
591
734
899
33
160
603
783
141
744
652
251
718
352
286
205
996
580
389
716
15
715
850
750
330
345
304
834
600
163
782
334
627
164
853
157
182
799
248
780
493
62
920
979
815
618
701
396
549
722
918
5
949
272
114
893
97
58
327
892
161
239
339
664
225
260
52
15
640
154
620
200
678
813
967
686
580
732
486
39
356
787
17
267
64
123
898
759
896
777
34
266
380
943
479
90
742
993
928
894
129
991
263
111
833
783
607
63
797
55
731
512
837
848
519
811
20
319
520
245
770
924
295
790
431
33
689
813
164
187
487
366
179
633
797
632
317
457
2
303
723
638
413
176
58
851
76
991
629
100
789
124
543
731
641
564
735
198
766
352
878
867
207
197
388
500
291
535
4
356
175
531
685
886
262
730
805
739
115
359
855
587
446
474
753
984
81
734
567
69
816
16
195
91
532
815
635
574
492
963
782
405
452
275
795
990
780
1000
636
379
990
514
414
176
241
806
729
954
899
483
653
945
216
93
815
261
635
175
339
473
640
645
568
946
655
856
672
764
567
960
64
719
83
22
667
591
212
528
391
740
980
767
544
929
671
995
440
27
514
554
878
738
538
641
383
724
483
159
366
294
971
676
665
289
632
253
705
52
697
484
525
97
824
40
990
672
292
131
217
350
172
775
746
815
18
540
398
712
866
872
929
633
471
185
891
211
637
476
933
162
444
774
166
882
968
942
691
949
884
369
44
10
562
581
433
49
138
584
354
146
479
467
771
744
463
616
24
640
429
752
271
949
95
744
212
114
433
64
936
872
580
5
118
234
935
125
868
929
851
875
527
492
19
451
644
876
470
356
421
474
640
820
259
185
604
696
357
703
156
418
948
973
836
769
412
345
684
640
823
266
57
932
378
222
73
340
857
419
14
570
680
908
441
555
476
271
278
793
740
285
997
186
424
688
653
511
540
624
555
35
730
780
214
757
280
822
973
868
217
946
683
811
760
995
708
311
214
464
336
374
962
244
359
907
575
824
472
909
752
160
379
737
425
105
814
169
405
38
850
23
310
32
694
128
657
819
100
963
441
749
482
939
173
917
350
301
622
482
817
304
315
577
39
952
405
307
690
679
70
161
610
100
164
384
21
241
887
78
443
440
785
220
745
666
657
647
770
40
196
206
79
551
576
836
634
107
821
781
133
400
263
437
983
58
369
991
82
144
774
735
259
314
644
839
373
495
256
31
278
970
768
478
174
48
526
147
713
297
558
799
375
682
239
623
756
116
289
742
676
436
717
994
184
590
738
876
430
569
224
313
301
573
303
611
952
341
347
926
650
685
879
761
744
906
384
298
647
730
436
904
96
93
572
618
883
947
300
75
504
12
707
953
574
594
774
313
985
728
875
326
565
592
150
202
366
52
980
203
990
251
115
741
250
276
973
857
808
401
735
877
83
680
498
650
666
494
472
643
295
851
205
678
273
825
135
64
582
420
155
307
646
636
78
662
128
724
507
147
830
637
301
826
209
309
591
255
205
444
346
783
716
275
896
653
732
498
217
254
504
31
13
162
868
273
754
260
95
309
980
531
153
368
847
90
860
135
462
908
79
86
747
41
186
55
665
288
368
591
912
579
933
598
56
244
498
553
416
196
820
619
587
290
767
190
706
374
918
63
436
236
8
883
442
425
821
966
959
34
87
864
760
476
799
822
401
969
863
709
869
744
985
8
69
110
246
966
772
825
418
573
40
865
110
550
897
784
195
377
790
604
13
657
317
541
949
222
317
794
3
761
721
59
982
21
369
399
415
1000
295
133
67
287
948
874
132
442
897
389
979
142
925
879
980
295
548
88
203
724
608
585
392
568
257
290
312
963
987
696
289
327
474
604
106
569
589
308
327
646
736
254
105
164
393
982
685
341
690
396
308
439
216
942
82
783
747
910
982
831
833
676
991
657
572
429
136
812
699
135
566
431
904
152
912
5
91
258
49
337
347
180
12
916
339
926
742
501
459
104
250
874
53
74
795
222
90
654
38
812
26
968
64
982
549
538
798
84
59
373
734
869
293
140
972
435
569
637
174
716
593
948
705
417
813
538
159
722
898
788
804
330
196
411
267
566
604
667
192
62
107
546
128
257
397
929
46
105
414
588
966
507
963
71
123
69
17
652
166
656
611
375
836
665
547
415
204
351
31
808
576
301
38
490
410
143
128
144
490
705
244
567
496
645
801
356
189
674
505
325
262
126
459
510
528
850
793
690
313
587
688
306
334
939
216
638
757
258
271
208
104
134
905
360
198
758
894
500
228
197
378
543
29
280
947
157
617
389
188
138
515
606
672
698
16
673
606
152
571
55
434
93
555
203
215
134
112
973
194
707
298
972
800
7
555
772
120
992
132
971
11
318
673
483
673
22
948
901
887
407
589
345
169
901
987
256
499
119
628
35
491
188
203
495
461
136
546
739
708
786
142
701
585
469
960
382
634
981
948
278
430
202
865
540
426
856
503
24
459
435
599
525
585
662
907
905
332
517
48
847
455
317
232
911
616
362
91
918
511
276
957
67
949
303
185
456
337
967
150
822
725
120
978
103
124
779
388
139
702
662
666
927
810
865
461
306
755
956
321
558
796
715
652
915
287
306
769
360
996
83
185
201
951
821
956
146
347
104
243
292
490
413
771
926
165
849
366
163
703
121
509
23
800
707
584
623
316
574
409
117
199
294
889
241
464
295
512
659
604
356
41
5
418
292
833
450
660
969
20
597
554
849
218
749
268
213
242
723
162
348
309
131
181
318
956
783
995
755
943
165
371
25
667
815
756
181
407
638
99
775
584
494
918
856
468
580
598
392
930
615
68
249
320
230
986
349
504
109
117
910
797
415
965
608
547
354
754
6
897
789
914
656
705
621
927
615
948
556
740
558
238
979
616
65
269
544
254
714
353
62
645
421
398
94
386
381
469
216
985
269
52
915
506
744
367
596
31
48
414
734
195
636
533
809
61
778
323
676
339
94
346
45
944
943
529
516
787
243
920
474
117
553
896
547
463
693
558
912
104
988
788
445
424
68
204
807
508
630
396
221
128
253
91
851
696
625
465
426
991
221
625
7
835
743
159
603
90
137
825
144
906
956
819
67
314
253
445
107
816
227
303
221
661
595
320
778
402
522
58
28
132
163
30
167
332
472
163
653
851
529
96
25
986
147
233
126
29
181
151
736
534
184
393
693
130
523
324
882
282
119
200
509
255
869
713
862
228
421
316
887
808
28
635
499
446
323
429
921
559
252
553
727
335
800
786
511
798
296
524
878
442
572
581
736
440
863
817
567
18
282
382
461
974
590
560
623
934
732
697
630
192
353
702
1
273
441
690
497
868
490
268
607
67
337
857
912
41
235
205
105
184
821
26
347
970
684
217
68
681
275
826
808
732
517
418
828
93
613
936
564
838
899
62
988
125
416
417
964
84
722
88
59
895
11
242
684
984
840
826
983
313
950
889
470
297
305
586
488
278
813
235
629
831
883
169
980
984
969
738
426
258
508
312
638
625
209
549
659
639
889
971
331
503
728
323
908
265
846
536
55
935
459
328
714
426
1
567
928
982
893
812
724
351
533
910
994
173
674
230
335
22
527
151
874
254
193
284
512
892
263
379
627
250
475
740
65
904
638
227
242
859
334
502
235
208
953
139
206
802
597
784
440
23
856
855
370
303
270
722
622
976
472
811
460
990
675
574
264
872
759
62
198
77
86
365
527
542
749
6
107
676
937
841
197
717
516
67
661
393
399
419
884
744
547
334
643
146
955
326
189
525
432
49
663
349
288
931
339
220
425
634
171
965
807
595
858
7
540
369
761
116
778
659
3
321
586
244
592
547
953
867
331
667
374
386
448
270
789
754
339
556
894
557
443
300
633
978
842
412
12
64
532
565
90
464
694
733
362
416
244
998
203
161
62
885
737
516
451
186
708
125
242
26
414
30
966
706
827
511
922
776
58
56
998
631
989
829
191
610
237
756
610
649
510
426
83
859
691
695
540
975
752
320
861
966
675
347
886
534
551
497
516
942
31
759
497
661
330
725
737
608
962
104
525
433
153
858
118
156
219
862
301
337
125
177
560
530
698
793
20
371
718
674
572
675
467
909
587
125
368
647
359
805
240
320
113
726
618
663
867
237
183
932
98
981
425
458
838
341
873
941
277
28
890
595
671
499
738
391
859
483
387
372
778
876
659
321
212
96
201
711
734
861
29
115
359
840
488
636
296
378
981
842
134
637
215
173
524
630
457
143
282
786
633
4
421
809
499
379
70
245
671
614
438
479
446
443
614
522
97
394
240
479
507
766
727
180
584
107
339
455
509
242
917
575
919
588
343
128
150
120
730
548
697
46
191
207
2
834
469
482
953
289
118
102
321
208
958
691
423
581
629
954
719
727
795
259
157
949
948
496
326
88
441
442
170
33
452
541
347
715
86
951
598
693
470
630
788
728
826
629
556
37
254
193
470
862
647
378
892
887
641
290
241
598
210
957
138
77
871
211
657
964
70
915
775
394
964
896
654
457
787
785
80
695
852
624
569
803
519
586
201
922
214
152
3
833
81
561
507
399
902
517
279
732
214
543
481
44
326
785
187
873
931
679
562
121
588
125
930
431
463
174
562
767
51
127
115
607
733
951
318
290
535
975
239
501
574
389
574
145
67
538
836
430
746
959
458
102
206
10
1000
497
947
489
546
685
60
360
806
408
784
655
613
740
779
263
912
637
362
129
837
399
115
575
526
446
349
619
724
727
20
396
50
521
265
626
450
972
881
69
804
856
7
660
462
31
95
292
149
881
31
328
686
812
241
7
586
662
550
342
99
415
844
255
522
693
821
322
709
987
397
861
897
728
590
762
309
222
160
248
956
928
714
574
121
324
937
813
504
44
247
686
196
735
28
886
194
581
221
362
501
393
261
400
794
68
9
47
696
646
142
811
912
819
42
111
252
305
621
717
487
782
801
492
919
660
275
936
996
370
186
460
248
853
429
275
890
556
422
913
787
196
992
718
792
729
923
3
607
443
611
600
845
47
865
211
993
546
387
137
338
338
693
629
976
587
890
437
456
52
523
613
291
95
124
131
941
604
174
180
615
223
457
885
807
467
655
409
208
316
353
288
193
219
891
657
791
528
624
193
306
991
43
637
703
978
101
924
112
81
936
8
656
506
880
979
648
892
630
358
301
784
439
258
742
21
833
525
635
898
243
861
658
310
469
656
42
776
423
706
293
692
142
405
355
428
22
808
73
182
200
624
894
316
987
392
680
13
574
458
274
858
283
673
679
907
804
367
880
536
99
398
742
687
988
119
51
909
563
818
984
581
832
231
841
461
10
238
103
525
972
144
906
374
728
601
863
670
683
365
39
585
687
101
395
59
636
480
109
14
267
929
229
562
128
878
151
282
785
826
264
886
650
306
762
603
187
942
164
857
579
933
365
688
459
39
633
971
534
514
555
236
792
661
358
660
98
527
372
970
514
102
950
756
13
483
892
867
281
661
132
985
385
50
178
382
658
935
431
559
169
800
704
243
444
552
130
856
833
394
359
336
510
678
640
130
725
669
25
163
75
485
720
922
960
833
767
665
566
178
431
763
867
823
605
739
39
914
695
413
197
512
750
692
783
51
823
789
770
224
884
966
745
470
753
714
936
42
287
77
226
919
137
38
398
413
973
674
350
806
518
94
916
372
589
827
547
824
411
186
225
442
849
101
233
437
744
229
174
830
834
745
10
841
33
270
424
455
901
671
689
150
305
855
852
947
986
1
142
3
141
106
700
758
57
865
638
725
493
22
973
123
446
739
939
582
245
553
98
59
805
165
613
310
981
51
902
486
63
329
394
774
677
780
683
50
749
708
668
643
970
265
752
63
259
322
300
69
263
806
541
94
906
693
128
38
140
577
984
222
342
499
261
356
855
804
221
12
105
2
488
784
227
775
281
208
33
194
587
909
360
774
622
713
202
956
255
953
958
69
884
713
105
878
967
660
279
663
873
925
868
269
518
944
314
581
379
26
314
548
29
157
174
352
617
320
247
987
413
434
87
403
840
843
407
963
133
760
561
217
280
648
373
245
692
615
888
848
397
581
325
401
554
8
326
666
210
59
381
513
182
596
642
848
198
975
599
466
508
411
346
205
794
713
204
954
349
820
233
533
658
293
481
37
567
99
447
675
16
563
731
787
546
798
559
526
634
141
148
710
512
353
897
626
253
978
166
395
521
722
705
613
141
129
147
682
532
887
242
256
871
636
226
914
56
655
625
607
386
419
609
554
194
799
961
10
657
949
168
225
757
656
253
272
292
347
708
138
701
362
644
66
22
554
750
66
625
343
502
41
522
728
135
410
832
698
92
433
179
807
300
440
447
523
626
315
159
465
586
778
303
205
80
979
546
128
255
733
589
606
72
715
187
726
172
36
256
692
595
468
532
449
134
907
424
902
983
668
509
552
544
985
539
293
908
288
50
121
493
830
53
931
986
711
869
905
410
94
66
15
328
762
147
907
434
689
654
965
609
944
642
163
793
376
270
598
670
651
137
84
383
302
549
957
10
551
862
639
310
146
666
223
621
383
767
758
720
493
221
630
745
712
26
663
284
285
620
888
988
629
176
594
438
489
486
412
931
118
99
748
181
983
647
779
94
540
392
352
165
147
626
746
907
989
706
270
120
263
360
335
793
1
554
969
923
179
59
882
548
308
287
676
918
276
283
835
870
89
792
922
760
994
982
125
894
680
972
166
377
343
422
710
702
234
422
895
842
78
158
535
145
822
251
18
741
729
572
448
249
759
874
421
54
445
113
67
98
346
248
314
110
891
250
505
16
484
864
945
113
511
478
619
746
139
494
526
236
251
143
809
366
73
507
443
730
688
208
340
750
579
836
787
106
712
600
139
982
901
635
514
224
240
160
802
108
348
867
617
358
701
148
469
371
252
401
879
962
695
116
377
486
572
260
117
763
516
635
328
241
690
870
681
504
264
435
384
283
558
288
715
466
374
52
645
328
487
791
714
750
869
627
81
524
420
222
501
993
519
515
355
305
880
545
697
600
610
210
15
985
249
485
75
263
692
486
428
41
573
612
81
659
314
482
486
911
347
452
202
454
818
316
796
328
149
598
247
914
678
338
303
579
862
664
344
332
912
85
140
91
920
699
928
409
986
96
560
635
283
216
271
924
272
777
8
620
404
817
969
852
312
638
272
710
456
462
992
764
13
84
564
669
260
539
449
379
601
180
155
140
441
307
86
370
323
61
680
276
598
680
61
324
94
433
507
557
622
273
381
827
739
807
911
897
370
716
472
350
325
977
224
324
975
786
756
226
812
797
50
870
723
295
983
894
515
946
581
157
513
97
649
566
519
911
832
289
266
636
514
997
925
827
650
135
833
945
388
342
518
325
630
141
655
168
369
437
268
109
966
375
690
436
500
562
184
104
242
886
137
663
941
55
330
438
874
314
168
110
961
911
384
282
893
543
524
458
593
926
392
316
79
293
222
208
866
491
558
217
354
736
639
43
369
717
368
615
966
606
196
475
173
791
938
991
274
981
762
930
607
925
387
237
764
791
776
990
628
322
542
25
197
666
107
467
463
361
197
712
191
525
502
915
971
427
85
884
309
603
657
89
470
215
509
898
384
615
576
660
37
550
645
294
108
125
723
201
271
332
922
431
933
315
29
142
772
529
236
139
883
42
875
695
980
972
855
36
56
58
366
329
951
377
29
678
267
234
1000
288
170
827
568
410
409
357
622
531
541
905
872
689
310
296
730
236
193
766
377
307
911
913
670
526
977
580
49
627
480
909
130
481
377
715
852
409
945
88
325
624
125
982
804
743
449
922
777
589
543
443
176
47
738
67
242
905
155
687
618
664
153
720
946
125
198
858
164
943
680
497
517
838
615
297
975
154
388
846
511
814
973
994
471
518
80
714
178
840
968
629
528
932
152
910
487
280
214
448
324
314
870
976
903
799
743
25
161
594
982
874
189
728
302
296
767
902
172
596
903
218
322
155
945
579
853
400
602
561
317
546
374
995
726
743
917
751
560
358
82
55
183
768
739
614
291
358
52
21
36
569
769
415
464
699
395
258
313
143
651
583
798
899
417
805
88
98
841
507
198
961
773
423
540
398
886
237
376
473
154
302
7
636
490
136
65
590
297
213
620
840
676
246
832
910
982
276
809
226
994
489
103
408
857
275
173
49
124
547
958
949
22
53
17
492
442
226
996
230
730
910
863
224
114
875
582
449
353
576
440
539
728
642
518
459
34
553
183
608
794
671
874
930
988
721
131
82
668
107
140
59
99
516
384
541
156
885
460
721
343
781
364
819
859
957
112
567
505
36
334
822
66
146
300
246
649
79
899
432
376
828
430
468
399
959
141
388
255
658
185
196
612
66
200
404
582
622
269
350
8
262
134
746
67
783
668
192
51
78
466
269
950
848
636
263
597
376
222
183
688
861
187
279
383
127
24
652
276
20
753
237
412
979
391
195
916
761
434
836
495
414
888
684
230
315
291
947
412
242
499
666
239
919
99
269
342
657
686
589
177
955
298
473
496
436
578
571
570
279
714
494
885
331
191
89
940
879
346
386
849
79
244
375
825
490
200
163
590
955
278
388
716
540
730
385
491
808
224
9
391
742
439
657
849
887
513
920
880
859
309
287
753
692
417
868
279
924
43
183
656
492
732
102
564
590
80
932
458
790
339
603
235
945
103
536
162
822
512
631
14
58
48
161
342
333
937
649
353
303
662
885
4
756
407
436
151
603
748
249
61
621
876
584
179
343
634
131
372
230
78
157
338
342
890
513
576
751
758
498
433
724
470
355
427
505
569
419
314
72
808
225
343
801
655
128
434
628
309
668
814
148
4
896
56
109
613
138
175
330
862
904
118
150
270
741
656
432
193
727
300
920
200
12
127
693
497
633
48
269
517
826
981
167
876
845
540
141
294
529
593
967
560
291
48
348
30
352
340
672
884
250
967
479
109
800
853
342
444
301
710
977
526
618
736
971
763
741
479
958
556
182
307
169
558
496
389
747
605
114
191
397
108
344
42
975
826
238
808
617
411
194
974
756
832
739
606
434
120
142
800
234
167
995
95
845
224
76
955
388
158
135
272
949
596
495
887
329
107
397
253
391
614
583
713
257
477
948
972
515
95
299
122
441
26
782
228
573
67
863
829
601
421
710
514
916
462
571
274
228
452
151
831
869
406
574
821
357
988
802
460
32
312
85
488
388
845
156
200
468
351
621
662
423
86
392
571
438
142
360
179
553
404
104
727
789
441
293
137
375
165
396
830
760
736
562
419
71
364
220
498
761
879
510
829
91
264
913
284
126
960
953
169
927
571
787
521
465
382
273
365
729
391
864
21
876
828
981
27
623
775
845
956
337
227
458
898
160
366
997
893
304
379
246
709
545
418
964
595
687
379
268
859
623
773
897
919
596
853
904
533
802
66
57
478
578
224
290
456
607
445
651
368
649
571
329
841
695
694
109
771
95
321
924
873
639
613
726
438
905
879
699
769
347
239
408
340
992
379
398
402
417
134
867
207
61
40
919
257
279
952
202
947
857
494
202
334
972
506
451
778
549
355
913
444
449
79
14
563
418
696
651
110
965
803
32
493
977
471
868
886
678
470
463
502
217
543
226
439
759
974
707
515
724
561
828
587
117
933
242
870
662
900
787
661
538
112
403
609
577
201
520
658
953
842
175
358
583
548
248
125
526
573
723
858
810
417
453
5
350
364
835
120
453
897
346
44
36
856
611
889
902
126
381
384
749
697
211
62
599
653
687
896
392
885
270
404
424
791
51
681
394
408
536
663
959
968
901
363
609
472
757
621
161
787
860
161
622
935
666
994
54
263
260
537
900
363
136
261
982
216
573
159
815
616
439
735
911
999
438
589
593
456
713
286
391
914
786
839
974
423
481
229
156
35
868
963
441
219
725
832
205
498
768
308
88
904
419
539
891
429
427
928
977
419
74
198
524
539
493
381
372
506
970
232
98
870
899
715
201
706
962
559
92
648
150
929
107
986
10
319
551
977
368
341
974
594
331
102
651
14
752
754
368
973
194
965
49
671
126
61
263
944
